<?xml version="1.0" encoding="UTF-8"?>
<!-- Generated by org.testng.reporters.JUnitReportReporter -->
<testsuite hostname="DESKTOP-FCGDM1I" failures="0" tests="1" name="TestDragAndDrop" time="37.099" errors="0" timestamp="2024-04-08T21:25:17 EEST" skipped="0">
  <testcase classname="TestDragAndDrop" name="testRobotBuilding" time="37.099"/>
</testsuite> <!-- TestDragAndDrop -->
